============================================================
  Generated by:           Genus(TM) Synthesis Solution 20.11-s111_1
  Generated on:           Apr 26 2024  12:19:25 pm
  Module:                 aes_one_round
  Operating conditions:   typical (balanced_tree)
  Wireload mode:          enclosed
  Area mode:              timing library
============================================================

                                
   Gate    Instances    Area      Library  
-------------------------------------------
AND2X1            37    492.307    typical 
AND3X1            15    249.480    typical 
AND4X1             8    159.667    typical 
AOI211XL         275   4573.800    typical 
AOI21XL          141   1876.090    typical 
AOI221XL         133   3096.878    typical 
AOI222XL          54   1437.005    typical 
AOI22XL          525   8731.800    typical 
AOI2BB1XL         42    698.544    typical 
AOI2BB2X1          1     23.285    typical 
AOI2BB2XL         72   1676.506    typical 
AOI31XL          208   3459.456    typical 
AOI32X1            1     23.285    typical 
AOI32XL          227   5285.650    typical 
AOI33XL           85   2261.952    typical 
INVX1            825   5488.560    typical 
INVXL            200   1330.560    typical 
NAND2BX1           6     79.834    typical 
NAND2BXL           5     66.528    typical 
NAND2XL          867   8651.966    typical 
NAND3BXL           6     99.792    typical 
NAND3XL          180   2395.008    typical 
NAND4BXL          37    738.461    typical 
NAND4XL          373   6203.736    typical 
NOR2BX1           26    345.946    typical 
NOR2BXL            4     53.222    typical 
NOR2XL          1081  10787.515    typical 
NOR3BX1            2     39.917    typical 
NOR3XL           140   1862.784    typical 
NOR4BBXL           5    133.056    typical 
NOR4BXL           67   1337.213    typical 
NOR4XL             9    179.626    typical 
OAI211XL          37    738.461    typical 
OAI21XL          225   2993.760    typical 
OAI221XL         113   2631.182    typical 
OAI222XL          33    878.170    typical 
OAI22XL           35    698.544    typical 
OAI2BB1XL         33    548.856    typical 
OAI2BB2XL         15    349.272    typical 
OAI31XL           15    299.376    typical 
OAI32XL          141   3283.157    typical 
OAI33XL           61   1623.283    typical 
OR2X1             38    505.613    typical 
OR3XL              7    116.424    typical 
OR4X1             11    219.542    typical 
XOR2XL           128   3406.234    typical 
-------------------------------------------
total           6549  92131.301            


                                          
     Type      Instances    Area   Area % 
------------------------------------------
inverter            1025  6819.120    7.4 
logic               5524 85312.181   92.6 
physical_cells         0     0.000    0.0 
------------------------------------------
total               6549 92131.301  100.0 

